..\VS2005\Win32\Release\powerflow.pdb
C:\Users\Antonia\Documents\PhD\My Papers\gridlabd and database\gridlab-d-code-5225-trunk\powerflow\..\VS2005\Win32\Release\powerflow.dll
C:\USERS\ANTONIA\DOCUMENTS\PHD\MY PAPERS\GRIDLABD AND DATABASE\GRIDLAB-D-CODE-5225-TRUNK\POWERFLOW\WIN32\RELEASE\POWERFLOW\BILLDUMP.OBJ
C:\USERS\ANTONIA\DOCUMENTS\PHD\MY PAPERS\GRIDLABD AND DATABASE\GRIDLAB-D-CODE-5225-TRUNK\POWERFLOW\WIN32\RELEASE\POWERFLOW\CAPACITOR.OBJ
C:\USERS\ANTONIA\DOCUMENTS\PHD\MY PAPERS\GRIDLABD AND DATABASE\GRIDLAB-D-CODE-5225-TRUNK\POWERFLOW\WIN32\RELEASE\POWERFLOW\CURRDUMP.OBJ
C:\USERS\ANTONIA\DOCUMENTS\PHD\MY PAPERS\GRIDLABD AND DATABASE\GRIDLAB-D-CODE-5225-TRUNK\POWERFLOW\WIN32\RELEASE\POWERFLOW\EMISSIONS.OBJ
C:\USERS\ANTONIA\DOCUMENTS\PHD\MY PAPERS\GRIDLABD AND DATABASE\GRIDLAB-D-CODE-5225-TRUNK\POWERFLOW\WIN32\RELEASE\POWERFLOW\FAULT_CHECK.OBJ
C:\USERS\ANTONIA\DOCUMENTS\PHD\MY PAPERS\GRIDLABD AND DATABASE\GRIDLAB-D-CODE-5225-TRUNK\POWERFLOW\WIN32\RELEASE\POWERFLOW\FREQUENCY_GEN.OBJ
C:\USERS\ANTONIA\DOCUMENTS\PHD\MY PAPERS\GRIDLABD AND DATABASE\GRIDLAB-D-CODE-5225-TRUNK\POWERFLOW\WIN32\RELEASE\POWERFLOW\FUSE.OBJ
C:\USERS\ANTONIA\DOCUMENTS\PHD\MY PAPERS\GRIDLABD AND DATABASE\GRIDLAB-D-CODE-5225-TRUNK\POWERFLOW\WIN32\RELEASE\POWERFLOW\INIT.OBJ
C:\USERS\ANTONIA\DOCUMENTS\PHD\MY PAPERS\GRIDLABD AND DATABASE\GRIDLAB-D-CODE-5225-TRUNK\POWERFLOW\WIN32\RELEASE\POWERFLOW\LINE.OBJ
C:\USERS\ANTONIA\DOCUMENTS\PHD\MY PAPERS\GRIDLABD AND DATABASE\GRIDLAB-D-CODE-5225-TRUNK\POWERFLOW\WIN32\RELEASE\POWERFLOW\LINE_CONFIGURATION.OBJ
C:\USERS\ANTONIA\DOCUMENTS\PHD\MY PAPERS\GRIDLABD AND DATABASE\GRIDLAB-D-CODE-5225-TRUNK\POWERFLOW\WIN32\RELEASE\POWERFLOW\LINE_SPACING.OBJ
C:\USERS\ANTONIA\DOCUMENTS\PHD\MY PAPERS\GRIDLABD AND DATABASE\GRIDLAB-D-CODE-5225-TRUNK\POWERFLOW\WIN32\RELEASE\POWERFLOW\LINK.OBJ
C:\USERS\ANTONIA\DOCUMENTS\PHD\MY PAPERS\GRIDLABD AND DATABASE\GRIDLAB-D-CODE-5225-TRUNK\POWERFLOW\WIN32\RELEASE\POWERFLOW\LOAD.OBJ
C:\USERS\ANTONIA\DOCUMENTS\PHD\MY PAPERS\GRIDLABD AND DATABASE\GRIDLAB-D-CODE-5225-TRUNK\POWERFLOW\WIN32\RELEASE\POWERFLOW\LOAD_TRACKER.OBJ
C:\USERS\ANTONIA\DOCUMENTS\PHD\MY PAPERS\GRIDLABD AND DATABASE\GRIDLAB-D-CODE-5225-TRUNK\POWERFLOW\WIN32\RELEASE\POWERFLOW\MAIN.OBJ
C:\USERS\ANTONIA\DOCUMENTS\PHD\MY PAPERS\GRIDLABD AND DATABASE\GRIDLAB-D-CODE-5225-TRUNK\POWERFLOW\WIN32\RELEASE\POWERFLOW\METER.OBJ
C:\USERS\ANTONIA\DOCUMENTS\PHD\MY PAPERS\GRIDLABD AND DATABASE\GRIDLAB-D-CODE-5225-TRUNK\POWERFLOW\WIN32\RELEASE\POWERFLOW\MOTOR.OBJ
C:\USERS\ANTONIA\DOCUMENTS\PHD\MY PAPERS\GRIDLABD AND DATABASE\GRIDLAB-D-CODE-5225-TRUNK\POWERFLOW\WIN32\RELEASE\POWERFLOW\NODE.OBJ
C:\USERS\ANTONIA\DOCUMENTS\PHD\MY PAPERS\GRIDLABD AND DATABASE\GRIDLAB-D-CODE-5225-TRUNK\POWERFLOW\WIN32\RELEASE\POWERFLOW\OVERHEAD_LINE.OBJ
C:\USERS\ANTONIA\DOCUMENTS\PHD\MY PAPERS\GRIDLABD AND DATABASE\GRIDLAB-D-CODE-5225-TRUNK\POWERFLOW\WIN32\RELEASE\POWERFLOW\OVERHEAD_LINE_CONDUCTOR.OBJ
C:\USERS\ANTONIA\DOCUMENTS\PHD\MY PAPERS\GRIDLABD AND DATABASE\GRIDLAB-D-CODE-5225-TRUNK\POWERFLOW\WIN32\RELEASE\POWERFLOW\POWER_METRICS.OBJ
C:\USERS\ANTONIA\DOCUMENTS\PHD\MY PAPERS\GRIDLABD AND DATABASE\GRIDLAB-D-CODE-5225-TRUNK\POWERFLOW\WIN32\RELEASE\POWERFLOW\POWERFLOW.DLL.EMBED.MANIFEST
C:\USERS\ANTONIA\DOCUMENTS\PHD\MY PAPERS\GRIDLABD AND DATABASE\GRIDLAB-D-CODE-5225-TRUNK\POWERFLOW\WIN32\RELEASE\POWERFLOW\POWERFLOW.DLL.EMBED.MANIFEST.RES
C:\USERS\ANTONIA\DOCUMENTS\PHD\MY PAPERS\GRIDLABD AND DATABASE\GRIDLAB-D-CODE-5225-TRUNK\POWERFLOW\WIN32\RELEASE\POWERFLOW\POWERFLOW.DLL.INTERMEDIATE.MANIFEST
C:\USERS\ANTONIA\DOCUMENTS\PHD\MY PAPERS\GRIDLABD AND DATABASE\GRIDLAB-D-CODE-5225-TRUNK\POWERFLOW\WIN32\RELEASE\POWERFLOW\POWERFLOW.OBJ
C:\USERS\ANTONIA\DOCUMENTS\PHD\MY PAPERS\GRIDLABD AND DATABASE\GRIDLAB-D-CODE-5225-TRUNK\POWERFLOW\WIN32\RELEASE\POWERFLOW\POWERFLOW_LIBRARY.OBJ
C:\USERS\ANTONIA\DOCUMENTS\PHD\MY PAPERS\GRIDLABD AND DATABASE\GRIDLAB-D-CODE-5225-TRUNK\POWERFLOW\WIN32\RELEASE\POWERFLOW\POWERFLOW_OBJECT.OBJ
C:\USERS\ANTONIA\DOCUMENTS\PHD\MY PAPERS\GRIDLABD AND DATABASE\GRIDLAB-D-CODE-5225-TRUNK\POWERFLOW\WIN32\RELEASE\POWERFLOW\PQLOAD.OBJ
C:\USERS\ANTONIA\DOCUMENTS\PHD\MY PAPERS\GRIDLABD AND DATABASE\GRIDLAB-D-CODE-5225-TRUNK\POWERFLOW\WIN32\RELEASE\POWERFLOW\RECLOSER.OBJ
C:\USERS\ANTONIA\DOCUMENTS\PHD\MY PAPERS\GRIDLABD AND DATABASE\GRIDLAB-D-CODE-5225-TRUNK\POWERFLOW\WIN32\RELEASE\POWERFLOW\REGULATOR.OBJ
C:\USERS\ANTONIA\DOCUMENTS\PHD\MY PAPERS\GRIDLABD AND DATABASE\GRIDLAB-D-CODE-5225-TRUNK\POWERFLOW\WIN32\RELEASE\POWERFLOW\REGULATOR_CONFIGURATION.OBJ
C:\USERS\ANTONIA\DOCUMENTS\PHD\MY PAPERS\GRIDLABD AND DATABASE\GRIDLAB-D-CODE-5225-TRUNK\POWERFLOW\WIN32\RELEASE\POWERFLOW\RESTORATION.OBJ
C:\USERS\ANTONIA\DOCUMENTS\PHD\MY PAPERS\GRIDLABD AND DATABASE\GRIDLAB-D-CODE-5225-TRUNK\POWERFLOW\WIN32\RELEASE\POWERFLOW\SECTIONALIZER.OBJ
C:\USERS\ANTONIA\DOCUMENTS\PHD\MY PAPERS\GRIDLABD AND DATABASE\GRIDLAB-D-CODE-5225-TRUNK\POWERFLOW\WIN32\RELEASE\POWERFLOW\SERIES_REACTOR.OBJ
C:\USERS\ANTONIA\DOCUMENTS\PHD\MY PAPERS\GRIDLABD AND DATABASE\GRIDLAB-D-CODE-5225-TRUNK\POWERFLOW\WIN32\RELEASE\POWERFLOW\SOLVER_NR.OBJ
C:\USERS\ANTONIA\DOCUMENTS\PHD\MY PAPERS\GRIDLABD AND DATABASE\GRIDLAB-D-CODE-5225-TRUNK\POWERFLOW\WIN32\RELEASE\POWERFLOW\SUBSTATION.OBJ
C:\USERS\ANTONIA\DOCUMENTS\PHD\MY PAPERS\GRIDLABD AND DATABASE\GRIDLAB-D-CODE-5225-TRUNK\POWERFLOW\WIN32\RELEASE\POWERFLOW\SWITCH_OBJECT.OBJ
C:\USERS\ANTONIA\DOCUMENTS\PHD\MY PAPERS\GRIDLABD AND DATABASE\GRIDLAB-D-CODE-5225-TRUNK\POWERFLOW\WIN32\RELEASE\POWERFLOW\TEST.OBJ
C:\USERS\ANTONIA\DOCUMENTS\PHD\MY PAPERS\GRIDLABD AND DATABASE\GRIDLAB-D-CODE-5225-TRUNK\POWERFLOW\WIN32\RELEASE\POWERFLOW\TRANSFORMER.OBJ
C:\USERS\ANTONIA\DOCUMENTS\PHD\MY PAPERS\GRIDLABD AND DATABASE\GRIDLAB-D-CODE-5225-TRUNK\POWERFLOW\WIN32\RELEASE\POWERFLOW\TRANSFORMER_CONFIGURATION.OBJ
C:\USERS\ANTONIA\DOCUMENTS\PHD\MY PAPERS\GRIDLABD AND DATABASE\GRIDLAB-D-CODE-5225-TRUNK\POWERFLOW\WIN32\RELEASE\POWERFLOW\TRIPLEX_LINE.OBJ
C:\USERS\ANTONIA\DOCUMENTS\PHD\MY PAPERS\GRIDLABD AND DATABASE\GRIDLAB-D-CODE-5225-TRUNK\POWERFLOW\WIN32\RELEASE\POWERFLOW\TRIPLEX_LINE_CONDUCTOR.OBJ
C:\USERS\ANTONIA\DOCUMENTS\PHD\MY PAPERS\GRIDLABD AND DATABASE\GRIDLAB-D-CODE-5225-TRUNK\POWERFLOW\WIN32\RELEASE\POWERFLOW\TRIPLEX_LINE_CONFIGURATION.OBJ
C:\USERS\ANTONIA\DOCUMENTS\PHD\MY PAPERS\GRIDLABD AND DATABASE\GRIDLAB-D-CODE-5225-TRUNK\POWERFLOW\WIN32\RELEASE\POWERFLOW\TRIPLEX_LOAD.OBJ
C:\USERS\ANTONIA\DOCUMENTS\PHD\MY PAPERS\GRIDLABD AND DATABASE\GRIDLAB-D-CODE-5225-TRUNK\POWERFLOW\WIN32\RELEASE\POWERFLOW\TRIPLEX_METER.OBJ
C:\USERS\ANTONIA\DOCUMENTS\PHD\MY PAPERS\GRIDLABD AND DATABASE\GRIDLAB-D-CODE-5225-TRUNK\POWERFLOW\WIN32\RELEASE\POWERFLOW\TRIPLEX_NODE.OBJ
C:\USERS\ANTONIA\DOCUMENTS\PHD\MY PAPERS\GRIDLABD AND DATABASE\GRIDLAB-D-CODE-5225-TRUNK\POWERFLOW\WIN32\RELEASE\POWERFLOW\UNDERGROUND_LINE.OBJ
C:\USERS\ANTONIA\DOCUMENTS\PHD\MY PAPERS\GRIDLABD AND DATABASE\GRIDLAB-D-CODE-5225-TRUNK\POWERFLOW\WIN32\RELEASE\POWERFLOW\UNDERGROUND_LINE_CONDUCTOR.OBJ
C:\USERS\ANTONIA\DOCUMENTS\PHD\MY PAPERS\GRIDLABD AND DATABASE\GRIDLAB-D-CODE-5225-TRUNK\POWERFLOW\WIN32\RELEASE\POWERFLOW\VC100.PDB
C:\USERS\ANTONIA\DOCUMENTS\PHD\MY PAPERS\GRIDLABD AND DATABASE\GRIDLAB-D-CODE-5225-TRUNK\POWERFLOW\WIN32\RELEASE\POWERFLOW\VOLT_VAR_CONTROL.OBJ
C:\USERS\ANTONIA\DOCUMENTS\PHD\MY PAPERS\GRIDLABD AND DATABASE\GRIDLAB-D-CODE-5225-TRUNK\POWERFLOW\WIN32\RELEASE\POWERFLOW\VOLTDUMP.OBJ
C:\USERS\ANTONIA\DOCUMENTS\PHD\MY PAPERS\GRIDLABD AND DATABASE\GRIDLAB-D-CODE-5225-TRUNK\VS2005\WIN32\RELEASE\POWERFLOW.DLL
C:\Users\Antonia\Documents\PhD\My Papers\gridlabd and database\gridlab-d-code-5225-trunk\VS2005\Win32\Release\powerflow.exp
C:\Users\Antonia\Documents\PhD\My Papers\gridlabd and database\gridlab-d-code-5225-trunk\VS2005\Win32\Release\powerflow.lib
C:\USERS\ANTONIA\DOCUMENTS\PHD\MY PAPERS\GRIDLABD AND DATABASE\GRIDLAB-D-CODE-5225-TRUNK\VS2005\WIN32\RELEASE\POWERFLOW.PDB
