Build started 9/11/2015 4:22:37 μμ.
     1>Project "C:\Users\Antonia\Documents\PhD\My Papers\gridlabd and database\gridlab-d-code-5225-trunk\market\market.vcxproj" on node 2 (build target(s)).
     1>InitializeBuildStatus:
         Creating "Win32\Release\market\market.unsuccessfulbuild" because "AlwaysCreate" was specified.
       ClCompile:
         c:\Program Files (x86)\Microsoft Visual Studio 10.0\VC\bin\CL.exe /c /IC:\Users\Antonia\Documents\programs_setups\boost_1_59_0\boost_1_59_0 /I"C:\Program Files (x86)\MySQL\MySQL Connector C++ 1.1.6\include" /I..\core /Zi /nologo /W3 /WX- /O2 /Oy- /GL /D WIN32 /D NDEBUG /D _WINDOWS /D _USRDLL /D _CRT_SECURE_NO_DEPRECATE /D _NO_CPPUNIT /D _WINDLL /D _MBCS /Gm- /EHsc /MT /GS /fp:precise /Zc:wchar_t /Zc:forScope /Fo"Win32\Release\market\\" /Fd"Win32\Release\market\vc100.pdb" /Gd /TP /analyze- /errorReport:prompt auction.cpp controller.cpp
         auction.cpp
     1>c:\program files (x86)\mysql\mysql connector c++ 1.1.6\include\cppconn\sqlstring.h(39): warning C4251: 'sql::SQLString::realStr' : class 'std::basic_string<_Elem,_Traits,_Ax>' needs to have dll-interface to be used by clients of class 'sql::SQLString'
                 with
                 [
                     _Elem=char,
                     _Traits=std::char_traits<char>,
                     _Ax=std::allocator<char>
                 ]
     1>c:\program files (x86)\mysql\mysql connector c++ 1.1.6\include\cppconn\exception.h(61): warning C4251: 'sql::SQLException::sql_state' : class 'std::basic_string<_Elem,_Traits,_Ax>' needs to have dll-interface to be used by clients of class 'sql::SQLException'
                 with
                 [
                     _Elem=char,
                     _Traits=std::char_traits<char>,
                     _Ax=std::allocator<char>
                 ]
     1>c:\program files (x86)\mysql\mysql connector c++ 1.1.6\include\cppconn\exception.h(145): warning C4251: 'sql::SQLUnsupportedOptionException::option' : class 'std::basic_string<_Elem,_Traits,_Ax>' needs to have dll-interface to be used by clients of struct 'sql::SQLUnsupportedOptionException'
                 with
                 [
                     _Elem=char,
                     _Traits=std::char_traits<char>,
                     _Ax=std::allocator<char>
                 ]
     1>C:\Program Files (x86)\MySQL\MySQL Connector C++ 1.1.6\include\mysql_driver.h(52): warning C4251: 'sql::mysql::MySQL_Driver::proxy' : class 'boost::scoped_ptr<T>' needs to have dll-interface to be used by clients of class 'sql::mysql::MySQL_Driver'
                 with
                 [
                     T=sql::mysql::NativeAPI::NativeDriverWrapper
                 ]
     1>auction.cpp(268): warning C4554: '&' : check operator precedence for possible error; use parentheses to clarify precedence
     1>auction.cpp(791): warning C4244: '=' : conversion from 'double' to 'int32', possible loss of data
     1>auction.cpp(794): warning C4244: '=' : conversion from 'double' to 'int32', possible loss of data
     1>auction.cpp(1416): warning C4244: 'initializing' : conversion from 'double' to 'int32', possible loss of data
         controller.cpp
     1>controller.cpp(607): warning C4244: 'initializing' : conversion from 'double' to 'int32', possible loss of data
       ManifestResourceCompile:
         All outputs are up-to-date.
       Link:
         c:\Program Files (x86)\Microsoft Visual Studio 10.0\VC\bin\link.exe /ERRORREPORT:PROMPT /OUT:"C:\Users\Antonia\Documents\PhD\My Papers\gridlabd and database\gridlab-d-code-5225-trunk\market\\..\VS2005\Win32\Release\market.dll" /INCREMENTAL /NOLOGO /LIBPATH:"C:\Program Files (x86)\MySQL\MySQL Server 5.1\lib\opt" /LIBPATH:"C:\Program Files (x86)\MySQL\MySQL Connector C++ 1.1.6\lib\opt" /LIBPATH:C:\Users\Antonia\Documents\programs_setups\boost_1_59_0\boost_1_59_0 /LIBPATH:..\VS2005\Win32\Release\ /LIBPATH:"C:\Users\Antonia\Documents\PhD\My Papers\gridlabd and database\gridlab-d-code-5225-trunk\market\Win32\Release" mysqlcppconn.lib libmysql.lib /MANIFEST /ManifestFile:"Win32\Release\market\market.dll.intermediate.manifest" /MANIFESTUAC:"level='asInvoker' uiAccess='false'" /DEBUG /PDB:"C:\Users\Antonia\Documents\PhD\My Papers\gridlabd and database\gridlab-d-code-5225-trunk\VS2005\Win32\Release\market.pdb" /SUBSYSTEM:WINDOWS /OPT:REF /OPT:ICF /LTCG /TLBID:1 /DYNAMICBASE /NXCOMPAT /IMPLIB:"..\VS2005\Win32\Release\market.lib" /MACHINE:X86 /DLL Win32\Release\market\market.dll.embed.manifest.res
         Win32\Release\market\auction.obj
         Win32\Release\market\bid.obj
         Win32\Release\market\controller.obj
         Win32\Release\market\curve.obj
         Win32\Release\market\double_controller.obj
         Win32\Release\market\generator_controller.obj
         Win32\Release\market\init.obj
         Win32\Release\market\main.obj
         Win32\Release\market\passive_controller.obj
         Win32\Release\market\stub_bidder.obj
         Win32\Release\market\stubauction.obj
     1>LINK : warning LNK4075: ignoring '/INCREMENTAL' due to '/LTCG' specification
            Creating library ..\VS2005\Win32\Release\market.lib and object ..\VS2005\Win32\Release\market.exp
         Generating code
         Finished generating code
       Manifest:
         C:\Program Files (x86)\Microsoft SDKs\Windows\v7.0A\bin\mt.exe /nologo /verbose /out:"Win32\Release\market\market.dll.embed.manifest" /manifest Win32\Release\market\market.dll.intermediate.manifest "c:\Program Files (x86)\Microsoft Visual Studio 10.0\VC\Include\Manifest\dpiaware.manifest"
         All outputs are up-to-date.
       LinkEmbedManifest:
         All outputs are up-to-date.
         market.vcxproj -> C:\Users\Antonia\Documents\PhD\My Papers\gridlabd and database\gridlab-d-code-5225-trunk\market\..\VS2005\Win32\Release\market.dll
       FinalizeBuildStatus:
         Deleting file "Win32\Release\market\market.unsuccessfulbuild".
         Touching "Win32\Release\market\market.lastbuildstate".
     1>Done Building Project "C:\Users\Antonia\Documents\PhD\My Papers\gridlabd and database\gridlab-d-code-5225-trunk\market\market.vcxproj" (build target(s)).

Build succeeded.

Time Elapsed 00:00:03.96
