Build started 9/11/2015 6:16:37 μμ.
     1>Project "C:\Users\Antonia\Documents\PhD\My Papers\gridlabd and database\gridlab-d-code-5225-trunk\generators2\generators.vcxproj" on node 2 (build target(s)).
     1>InitializeBuildStatus:
         Creating "Win32\Release\generators\generators.unsuccessfulbuild" because "AlwaysCreate" was specified.
       ClCompile:
         c:\Program Files (x86)\Microsoft Visual Studio 10.0\VC\bin\CL.exe /c /IC:\Users\Antonia\Documents\programs_setups\boost_1_59_0\boost_1_59_0 /I"C:\Program Files (x86)\MySQL\MySQL Connector C++ 1.1.6\include" /I..\core /Zi /nologo /W3 /WX- /O2 /Oy- /GL /D WIN32 /D NDEBUG /D _WINDOWS /D _USRDLL /D _CRT_SECURE_NO_DEPRECATE /D _NO_CPPUNIT /D _WINDLL /D _MBCS /Gm- /EHsc /MT /GS /fp:precise /Zc:wchar_t /Zc:forScope /Fo"Win32\Release\generators\\" /Fd"Win32\Release\generators\vc100.pdb" /Gd /TP /analyze- /errorReport:prompt solar.cpp
         solar.cpp
     1>c:\program files (x86)\mysql\mysql connector c++ 1.1.6\include\cppconn\sqlstring.h(39): warning C4251: 'sql::SQLString::realStr' : class 'std::basic_string<_Elem,_Traits,_Ax>' needs to have dll-interface to be used by clients of class 'sql::SQLString'
                 with
                 [
                     _Elem=char,
                     _Traits=std::char_traits<char>,
                     _Ax=std::allocator<char>
                 ]
     1>c:\program files (x86)\mysql\mysql connector c++ 1.1.6\include\cppconn\exception.h(61): warning C4251: 'sql::SQLException::sql_state' : class 'std::basic_string<_Elem,_Traits,_Ax>' needs to have dll-interface to be used by clients of class 'sql::SQLException'
                 with
                 [
                     _Elem=char,
                     _Traits=std::char_traits<char>,
                     _Ax=std::allocator<char>
                 ]
     1>c:\program files (x86)\mysql\mysql connector c++ 1.1.6\include\cppconn\exception.h(145): warning C4251: 'sql::SQLUnsupportedOptionException::option' : class 'std::basic_string<_Elem,_Traits,_Ax>' needs to have dll-interface to be used by clients of struct 'sql::SQLUnsupportedOptionException'
                 with
                 [
                     _Elem=char,
                     _Traits=std::char_traits<char>,
                     _Ax=std::allocator<char>
                 ]
     1>C:\Program Files (x86)\MySQL\MySQL Connector C++ 1.1.6\include\mysql_driver.h(52): warning C4251: 'sql::mysql::MySQL_Driver::proxy' : class 'boost::scoped_ptr<T>' needs to have dll-interface to be used by clients of class 'sql::mysql::MySQL_Driver'
                 with
                 [
                     T=sql::mysql::NativeAPI::NativeDriverWrapper
                 ]
     1>solar.cpp(900): warning C4244: 'initializing' : conversion from 'double' to 'int', possible loss of data
     1>solar.cpp(914): warning C4101: 'resultSet' : unreferenced local variable
     1>solar.cpp(915): warning C4101: 'prep_stmt' : unreferenced local variable
       ManifestResourceCompile:
         All outputs are up-to-date.
       Link:
         c:\Program Files (x86)\Microsoft Visual Studio 10.0\VC\bin\link.exe /ERRORREPORT:PROMPT /OUT:"..\VS2005\Win32\Release\generators.dll" /INCREMENTAL /NOLOGO /LIBPATH:"C:\Program Files (x86)\MySQL\MySQL Server 5.1\lib\opt" /LIBPATH:"C:\Program Files (x86)\MySQL\MySQL Connector C++ 1.1.6\lib\opt" /LIBPATH:C:\Users\Antonia\Documents\programs_setups\boost_1_59_0\boost_1_59_0 /LIBPATH:..\VS2005\Win32\Release\ mysqlcppconn.lib libmysql.lib /MANIFEST /ManifestFile:"Win32\Release\generators\generators.dll.intermediate.manifest" /MANIFESTUAC:"level='asInvoker' uiAccess='false'" /DEBUG /PDB:"C:\Users\Antonia\Documents\PhD\My Papers\gridlabd and database\gridlab-d-code-5225-trunk\VS2005\Win32\Release\generators.pdb" /SUBSYSTEM:WINDOWS /OPT:REF /OPT:ICF /LTCG /TLBID:1 /DYNAMICBASE /NXCOMPAT /IMPLIB:"..\VS2005\Win32\Release\generators.lib" /MACHINE:X86 /DLL Win32\Release\generators\generators.dll.embed.manifest.res
         Win32\Release\generators\battery.obj
         Win32\Release\generators\central_dg_control.obj
         Win32\Release\generators\dc_dc_converter.obj
         Win32\Release\generators\diesel_dg.obj
         Win32\Release\generators\energy_storage.obj
         Win32\Release\generators\init.obj
         Win32\Release\generators\inverter.obj
         Win32\Release\generators\main.obj
         Win32\Release\generators\microturbine.obj
         Win32\Release\generators\power_electronics.obj
         Win32\Release\generators\rectifier.obj
         Win32\Release\generators\solar.obj
         Win32\Release\generators\windturb_dg.obj
     1>LINK : warning LNK4075: ignoring '/INCREMENTAL' due to '/LTCG' specification
            Creating library ..\VS2005\Win32\Release\generators.lib and object ..\VS2005\Win32\Release\generators.exp
         Generating code
         Finished generating code
       Manifest:
         C:\Program Files (x86)\Microsoft SDKs\Windows\v7.0A\bin\mt.exe /nologo /verbose /out:"Win32\Release\generators\generators.dll.embed.manifest" /manifest Win32\Release\generators\generators.dll.intermediate.manifest "c:\Program Files (x86)\Microsoft Visual Studio 10.0\VC\Include\Manifest\dpiaware.manifest"
         All outputs are up-to-date.
       LinkEmbedManifest:
         All outputs are up-to-date.
         generators.vcxproj -> C:\Users\Antonia\Documents\PhD\My Papers\gridlabd and database\gridlab-d-code-5225-trunk\generators2\..\VS2005\Win32\Release\generators.dll
       FinalizeBuildStatus:
         Deleting file "Win32\Release\generators\generators.unsuccessfulbuild".
         Touching "Win32\Release\generators\generators.lastbuildstate".
     1>Done Building Project "C:\Users\Antonia\Documents\PhD\My Papers\gridlabd and database\gridlab-d-code-5225-trunk\generators2\generators.vcxproj" (build target(s)).

Build succeeded.

Time Elapsed 00:00:07.28
