Build started 9/11/2015 6:36:57 μμ.
     1>Project "C:\Users\Antonia\Documents\PhD\My Papers\gridlabd and database\gridlab-d-code-5225-trunk\residential\residential.vcxproj" on node 2 (build target(s)).
     1>InitializeBuildStatus:
         Creating "Win32\Release\residential\residential.unsuccessfulbuild" because "AlwaysCreate" was specified.
       ClCompile:
         c:\Program Files (x86)\Microsoft Visual Studio 10.0\VC\bin\CL.exe /c /IC:\Users\Antonia\Documents\programs_setups\boost_1_59_0\boost_1_59_0 /I"C:\Program Files (x86)\MySQL\MySQL Connector C++ 1.1.6\include" /I..\core /Zi /nologo /W3 /WX- /O2 /Oy- /GL /D WIN32 /D NDEBUG /D _WINDOWS /D _USRDLL /D _CRT_SECURE_NO_DEPRECATE /D _NO_CPPUNIT /D _WINDLL /D _MBCS /Gm- /EHsc /MT /GS /fp:precise /Zc:wchar_t /Zc:forScope /Fo"Win32\Release\residential\\" /Fd"Win32\Release\residential\vc100.pdb" /Gd /TP /analyze- /errorReport:prompt house_e.cpp
         house_e.cpp
     1>c:\program files (x86)\mysql\mysql connector c++ 1.1.6\include\cppconn\sqlstring.h(39): warning C4251: 'sql::SQLString::realStr' : class 'std::basic_string<_Elem,_Traits,_Ax>' needs to have dll-interface to be used by clients of class 'sql::SQLString'
                 with
                 [
                     _Elem=char,
                     _Traits=std::char_traits<char>,
                     _Ax=std::allocator<char>
                 ]
     1>c:\program files (x86)\mysql\mysql connector c++ 1.1.6\include\cppconn\exception.h(61): warning C4251: 'sql::SQLException::sql_state' : class 'std::basic_string<_Elem,_Traits,_Ax>' needs to have dll-interface to be used by clients of class 'sql::SQLException'
                 with
                 [
                     _Elem=char,
                     _Traits=std::char_traits<char>,
                     _Ax=std::allocator<char>
                 ]
     1>c:\program files (x86)\mysql\mysql connector c++ 1.1.6\include\cppconn\exception.h(145): warning C4251: 'sql::SQLUnsupportedOptionException::option' : class 'std::basic_string<_Elem,_Traits,_Ax>' needs to have dll-interface to be used by clients of struct 'sql::SQLUnsupportedOptionException'
                 with
                 [
                     _Elem=char,
                     _Traits=std::char_traits<char>,
                     _Ax=std::allocator<char>
                 ]
     1>C:\Program Files (x86)\MySQL\MySQL Connector C++ 1.1.6\include\mysql_driver.h(52): warning C4251: 'sql::mysql::MySQL_Driver::proxy' : class 'boost::scoped_ptr<T>' needs to have dll-interface to be used by clients of class 'sql::mysql::MySQL_Driver'
                 with
                 [
                     T=sql::mysql::NativeAPI::NativeDriverWrapper
                 ]
     1>house_e.cpp(948): warning C4996: '_strlwr': The POSIX name for this item is deprecated. Instead, use the ISO C++ conformant name: _strlwr. See online help for details.
                 c:\Program Files (x86)\Microsoft Visual Studio 10.0\VC\include\string.h(164) : see declaration of '_strlwr'
         house_e: add update_system voltage adjustment for heating
     1>house_e.cpp(2597): warning C4244: 'initializing' : conversion from 'double' to 'int', possible loss of data
     1>house_e.cpp(2651): warning C4101: 'resultSet' : unreferenced local variable
     1>house_e.cpp(2652): warning C4101: 'prep_stmt' : unreferenced local variable
     1>house_e.cpp(2836): warning C4244: 'initializing' : conversion from 'double' to 'int', possible loss of data
     1>house_e.cpp(2892): warning C4101: 'resultSet' : unreferenced local variable
     1>house_e.cpp(2893): warning C4101: 'prep_stmt' : unreferenced local variable
       Link:
         c:\Program Files (x86)\Microsoft Visual Studio 10.0\VC\bin\link.exe /ERRORREPORT:PROMPT /OUT:"..\VS2005\Win32\Release\residential.dll" /INCREMENTAL:NO /NOLOGO /LIBPATH:C:\Users\Antonia\Documents\programs_setups\boost_1_59_0\boost_1_59_0\libs /LIBPATH:"C:\Program Files (x86)\MySQL\MySQL Server 5.1\lib\opt" /LIBPATH:"C:\Program Files (x86)\MySQL\MySQL Connector C++ 1.1.6\lib\opt" /LIBPATH:..\VS2005\Win32\Release\ mysqlcppconn.lib libmysql.lib /MANIFEST /ManifestFile:"Win32\Release\residential\residential.dll.intermediate.manifest" /MANIFESTUAC:"level='asInvoker' uiAccess='false'" /DEBUG /PDB:"C:\Users\Antonia\Documents\PhD\My Papers\gridlabd and database\gridlab-d-code-5225-trunk\VS2005\Win32\Release\residential.pdb" /SUBSYSTEM:WINDOWS /OPT:REF /OPT:ICF /LTCG /TLBID:1 /DYNAMICBASE /NXCOMPAT /IMPLIB:"..\VS2005\Win32\Release\residential.lib" /MACHINE:X86 /DLL Win32\Release\residential\appliance.obj
         Win32\Release\residential\clotheswasher.obj
         Win32\Release\residential\dishwasher.obj
         Win32\Release\residential\dryer.obj
         Win32\Release\residential\evcharger.obj
         Win32\Release\residential\evcharger_det.obj
         Win32\Release\residential\freezer.obj
         Win32\Release\residential\house_a.obj
         Win32\Release\residential\house_e.obj
         Win32\Release\residential\init.obj
         Win32\Release\residential\lights.obj
         Win32\Release\residential\main.obj
         Win32\Release\residential\microwave.obj
         Win32\Release\residential\occupantload.obj
         Win32\Release\residential\plugload.obj
         Win32\Release\residential\range.obj
         Win32\Release\residential\refrigerator.obj
         Win32\Release\residential\residential_enduse.obj
         Win32\Release\residential\solvers.obj
         Win32\Release\residential\thermal_storage.obj
         Win32\Release\residential\waterheater.obj
         Win32\Release\residential\zipload.obj
            Creating library ..\VS2005\Win32\Release\residential.lib and object ..\VS2005\Win32\Release\residential.exp
         Generating code
         Finished generating code
         residential.vcxproj -> C:\Users\Antonia\Documents\PhD\My Papers\gridlabd and database\gridlab-d-code-5225-trunk\residential\..\VS2005\Win32\Release\residential.dll
       Manifest:
         C:\Program Files (x86)\Microsoft SDKs\Windows\v7.0A\bin\mt.exe /nologo /verbose /outputresource:"..\VS2005\Win32\Release\residential.dll;#2" /manifest Win32\Release\residential\residential.dll.intermediate.manifest "c:\Program Files (x86)\Microsoft Visual Studio 10.0\VC\Include\Manifest\dpiaware.manifest"
       FinalizeBuildStatus:
         Deleting file "Win32\Release\residential\residential.unsuccessfulbuild".
         Touching "Win32\Release\residential\residential.lastbuildstate".
     1>Done Building Project "C:\Users\Antonia\Documents\PhD\My Papers\gridlabd and database\gridlab-d-code-5225-trunk\residential\residential.vcxproj" (build target(s)).

Build succeeded.

Time Elapsed 00:00:03.50
