Build started 22/10/2015 1:35:36 μμ.
     1>Project "C:\Users\Antonia\Documents\PhD\My Papers\gridlabd and database\gridlab-d-code-5225-trunk\mysql\mysql.vcxproj" on node 2 (build target(s)).
     1>PrepareForBuild:
         Creating directory "..\VS2005\x64\Debug\".
       InitializeBuildStatus:
         Creating "x64\Debug\mysql\mysql.unsuccessfulbuild" because "AlwaysCreate" was specified.
       ClCompile:
         c:\Program Files (x86)\Microsoft Visual Studio 10.0\VC\bin\x86_amd64\CL.exe /c /I..\core /Zi /nologo /W3 /WX- /Od /D WIN32 /D _DEBUG /D _WINDOWS /D _USRDLL /D _CRT_SECURE_NO_DEPRECATE /D _TESTING /D _WINDLL /D _MBCS /Gm /EHsc /RTC1 /MDd /GS /fp:precise /Zc:wchar_t /Zc:forScope /Fo"x64\Debug\mysql\\" /Fd"x64\Debug\mysql\vc100.pdb" /Gd /TP /wd4996 /errorReport:prompt collector.cpp database.cpp init.cpp main.cpp player.cpp recorder.cpp
         recorder.cpp
         player.cpp
         main.cpp
         init.cpp
         database.cpp
         collector.cpp
         Generating Code...
       ManifestResourceCompile:
         C:\Program Files (x86)\Microsoft SDKs\Windows\v7.0A\bin\rc.exe /nologo /fo"x64\Debug\mysql\mysql.dll.embed.manifest.res" x64\Debug\mysql\mysql_manifest.rc 
       Link:
         c:\Program Files (x86)\Microsoft Visual Studio 10.0\VC\bin\x86_amd64\link.exe /ERRORREPORT:PROMPT /OUT:"..\VS2005\x64\Debug\mysql.dll" /INCREMENTAL /NOLOGO /LIBPATH:..\VS2005\x64\Debug\ /LIBPATH:"C:\Users\Antonia\Documents\PhD\My Papers\gridlabd and database\gridlab-d-code-5225-trunk\mysql\x64\Debug" kernel32.lib user32.lib gdi32.lib winspool.lib comdlg32.lib advapi32.lib shell32.lib ole32.lib oleaut32.lib uuid.lib odbc32.lib odbccp32.lib /MANIFEST /ManifestFile:"x64\Debug\mysql\mysql.dll.intermediate.manifest" /MANIFESTUAC:"level='asInvoker' uiAccess='false'" /DEBUG /PDB:"C:\Users\Antonia\Documents\PhD\My Papers\gridlabd and database\gridlab-d-code-5225-trunk\VS2005\x64\Debug\mysql.pdb" /SUBSYSTEM:WINDOWS /TLBID:1 /DYNAMICBASE /NXCOMPAT /IMPLIB:"..\VS2005\x64\Debug\mysql.lib" /MACHINE:X64 /DLL x64\Debug\mysql\mysql.dll.embed.manifest.res
         x64\Debug\mysql\collector.obj
         x64\Debug\mysql\database.obj
         x64\Debug\mysql\init.obj
         x64\Debug\mysql\main.obj
         x64\Debug\mysql\player.obj
         x64\Debug\mysql\recorder.obj
            Creating library ..\VS2005\x64\Debug\mysql.lib and object ..\VS2005\x64\Debug\mysql.exp
         mysql.vcxproj -> C:\Users\Antonia\Documents\PhD\My Papers\gridlabd and database\gridlab-d-code-5225-trunk\mysql\..\VS2005\x64\Debug\mysql.dll
       Manifest:
         C:\Program Files (x86)\Microsoft SDKs\Windows\v7.0A\bin\mt.exe /nologo /verbose /out:"x64\Debug\mysql\mysql.dll.embed.manifest" /manifest x64\Debug\mysql\mysql.dll.intermediate.manifest
         C:\Program Files (x86)\Microsoft SDKs\Windows\v7.0A\bin\rc.exe /nologo /fo"x64\Debug\mysql\mysql.dll.embed.manifest.res" x64\Debug\mysql\mysql_manifest.rc 
       LinkEmbedManifest:
         c:\Program Files (x86)\Microsoft Visual Studio 10.0\VC\bin\x86_amd64\link.exe /ERRORREPORT:PROMPT /OUT:"..\VS2005\x64\Debug\mysql.dll" /INCREMENTAL /NOLOGO /LIBPATH:..\VS2005\x64\Debug\ /LIBPATH:"C:\Users\Antonia\Documents\PhD\My Papers\gridlabd and database\gridlab-d-code-5225-trunk\mysql\x64\Debug" kernel32.lib user32.lib gdi32.lib winspool.lib comdlg32.lib advapi32.lib shell32.lib ole32.lib oleaut32.lib uuid.lib odbc32.lib odbccp32.lib /MANIFEST /ManifestFile:"x64\Debug\mysql\mysql.dll.intermediate.manifest" /MANIFESTUAC:"level='asInvoker' uiAccess='false'" /DEBUG /PDB:"C:\Users\Antonia\Documents\PhD\My Papers\gridlabd and database\gridlab-d-code-5225-trunk\VS2005\x64\Debug\mysql.pdb" /SUBSYSTEM:WINDOWS /TLBID:1 /DYNAMICBASE /NXCOMPAT /IMPLIB:"..\VS2005\x64\Debug\mysql.lib" /MACHINE:X64 /DLL x64\Debug\mysql\mysql.dll.embed.manifest.res
         x64\Debug\mysql\collector.obj
         x64\Debug\mysql\database.obj
         x64\Debug\mysql\init.obj
         x64\Debug\mysql\main.obj
         x64\Debug\mysql\player.obj
         x64\Debug\mysql\recorder.obj
            Creating library ..\VS2005\x64\Debug\mysql.lib and object ..\VS2005\x64\Debug\mysql.exp
         mysql.vcxproj -> C:\Users\Antonia\Documents\PhD\My Papers\gridlabd and database\gridlab-d-code-5225-trunk\mysql\..\VS2005\x64\Debug\mysql.dll
       FinalizeBuildStatus:
         Deleting file "x64\Debug\mysql\mysql.unsuccessfulbuild".
         Touching "x64\Debug\mysql\mysql.lastbuildstate".
     1>Done Building Project "C:\Users\Antonia\Documents\PhD\My Papers\gridlabd and database\gridlab-d-code-5225-trunk\mysql\mysql.vcxproj" (build target(s)).

Build succeeded.

Time Elapsed 00:00:03.54
