Build started 22/10/2015 1:34:39 μμ.
     1>Project "C:\Users\Antonia\Documents\PhD\My Papers\gridlabd and database\gridlab-d-code-5225-trunk\mysql\mysql.vcxproj" on node 2 (build target(s)).
     1>InitializeBuildStatus:
         Touching "Win32\Debug\mysql\mysql.unsuccessfulbuild".
       ClCompile:
         c:\Program Files (x86)\Microsoft Visual Studio 10.0\VC\bin\CL.exe /c /I..\core /ZI /nologo /W3 /WX- /Od /Oy- /D WIN32 /D _DEBUG /D _WINDOWS /D _USRDLL /D _CRT_SECURE_NO_DEPRECATE /D _TESTING /D _WINDLL /D _MBCS /Gm /EHsc /RTC1 /MDd /GS /fp:precise /Zc:wchar_t /Zc:forScope /Fo"Win32\Debug\mysql\\" /Fd"Win32\Debug\mysql\vc100.pdb" /Gd /TP /wd4996 /analyze- /errorReport:prompt init.cpp main.cpp
         main.cpp
         init.cpp
         Generating Code...
       ManifestResourceCompile:
         C:\Program Files (x86)\Microsoft SDKs\Windows\v7.0A\bin\rc.exe /nologo /fo"Win32\Debug\mysql\mysql.dll.embed.manifest.res" Win32\Debug\mysql\mysql_manifest.rc 
       Link:
         c:\Program Files (x86)\Microsoft Visual Studio 10.0\VC\bin\link.exe /ERRORREPORT:PROMPT /OUT:"..\VS2005\Win32\Debug\mysql.dll" /INCREMENTAL /NOLOGO /LIBPATH:..\VS2005\Win32\Debug\ /LIBPATH:"C:\Users\Antonia\Documents\PhD\My Papers\gridlabd and database\gridlab-d-code-5225-trunk\mysql\Win32\Debug" kernel32.lib user32.lib gdi32.lib winspool.lib comdlg32.lib advapi32.lib shell32.lib ole32.lib oleaut32.lib uuid.lib odbc32.lib odbccp32.lib /MANIFEST /ManifestFile:"Win32\Debug\mysql\mysql.dll.intermediate.manifest" /MANIFESTUAC:"level='asInvoker' uiAccess='false'" /DEBUG /PDB:"C:\Users\Antonia\Documents\PhD\My Papers\gridlabd and database\gridlab-d-code-5225-trunk\VS2005\Win32\Debug\mysql.pdb" /SUBSYSTEM:WINDOWS /TLBID:1 /DYNAMICBASE /NXCOMPAT /IMPLIB:"..\VS2005\Win32\Debug\mysql.lib" /MACHINE:X86 /DLL Win32\Debug\mysql\mysql.dll.embed.manifest.res
         Win32\Debug\mysql\collector.obj
         Win32\Debug\mysql\database.obj
         Win32\Debug\mysql\init.obj
         Win32\Debug\mysql\main.obj
         Win32\Debug\mysql\player.obj
         Win32\Debug\mysql\recorder.obj
            Creating library ..\VS2005\Win32\Debug\mysql.lib and object ..\VS2005\Win32\Debug\mysql.exp
       Manifest:
         C:\Program Files (x86)\Microsoft SDKs\Windows\v7.0A\bin\mt.exe /nologo /verbose /out:"Win32\Debug\mysql\mysql.dll.embed.manifest" /manifest Win32\Debug\mysql\mysql.dll.intermediate.manifest
         C:\Program Files (x86)\Microsoft SDKs\Windows\v7.0A\bin\rc.exe /nologo /fo"Win32\Debug\mysql\mysql.dll.embed.manifest.res" Win32\Debug\mysql\mysql_manifest.rc 
       LinkEmbedManifest:
         c:\Program Files (x86)\Microsoft Visual Studio 10.0\VC\bin\link.exe /ERRORREPORT:PROMPT /OUT:"..\VS2005\Win32\Debug\mysql.dll" /INCREMENTAL /NOLOGO /LIBPATH:..\VS2005\Win32\Debug\ /LIBPATH:"C:\Users\Antonia\Documents\PhD\My Papers\gridlabd and database\gridlab-d-code-5225-trunk\mysql\Win32\Debug" kernel32.lib user32.lib gdi32.lib winspool.lib comdlg32.lib advapi32.lib shell32.lib ole32.lib oleaut32.lib uuid.lib odbc32.lib odbccp32.lib /MANIFEST /ManifestFile:"Win32\Debug\mysql\mysql.dll.intermediate.manifest" /MANIFESTUAC:"level='asInvoker' uiAccess='false'" /DEBUG /PDB:"C:\Users\Antonia\Documents\PhD\My Papers\gridlabd and database\gridlab-d-code-5225-trunk\VS2005\Win32\Debug\mysql.pdb" /SUBSYSTEM:WINDOWS /TLBID:1 /DYNAMICBASE /NXCOMPAT /IMPLIB:"..\VS2005\Win32\Debug\mysql.lib" /MACHINE:X86 /DLL Win32\Debug\mysql\mysql.dll.embed.manifest.res
         Win32\Debug\mysql\collector.obj
         Win32\Debug\mysql\database.obj
         Win32\Debug\mysql\init.obj
         Win32\Debug\mysql\main.obj
         Win32\Debug\mysql\player.obj
         Win32\Debug\mysql\recorder.obj
            Creating library ..\VS2005\Win32\Debug\mysql.lib and object ..\VS2005\Win32\Debug\mysql.exp
         mysql.vcxproj -> C:\Users\Antonia\Documents\PhD\My Papers\gridlabd and database\gridlab-d-code-5225-trunk\mysql\..\VS2005\Win32\Debug\mysql.dll
       FinalizeBuildStatus:
         Deleting file "Win32\Debug\mysql\mysql.unsuccessfulbuild".
         Touching "Win32\Debug\mysql\mysql.lastbuildstate".
     1>Done Building Project "C:\Users\Antonia\Documents\PhD\My Papers\gridlabd and database\gridlab-d-code-5225-trunk\mysql\mysql.vcxproj" (build target(s)).

Build succeeded.

Time Elapsed 00:00:02.91
